Determining if the pthread_create exist failed with the following output:
Change Dir: /root/monero/CMakeFiles/CMakeTmp

Run Build Command:"/usr/bin/make" "cmTC_bcc6e/fast"
/usr/bin/make -f CMakeFiles/cmTC_bcc6e.dir/build.make CMakeFiles/cmTC_bcc6e.dir/build
make[1]: Entering directory '/root/monero/CMakeFiles/CMakeTmp'
Building C object CMakeFiles/cmTC_bcc6e.dir/CheckSymbolExists.c.o
/usr/bin/cc     -o CMakeFiles/cmTC_bcc6e.dir/CheckSymbolExists.c.o   -c /root/monero/CMakeFiles/CMakeTmp/CheckSymbolExists.c
Linking C executable cmTC_bcc6e
/usr/bin/cmake -E cmake_link_script CMakeFiles/cmTC_bcc6e.dir/link.txt --verbose=1
/usr/bin/cc       CMakeFiles/cmTC_bcc6e.dir/CheckSymbolExists.c.o  -o cmTC_bcc6e -rdynamic 
CMakeFiles/cmTC_bcc6e.dir/CheckSymbolExists.c.o: In function `main':
CheckSymbolExists.c:(.text+0x16): undefined reference to `pthread_create'
collect2: error: ld returned 1 exit status
CMakeFiles/cmTC_bcc6e.dir/build.make:97: recipe for target 'cmTC_bcc6e' failed
make[1]: *** [cmTC_bcc6e] Error 1
make[1]: Leaving directory '/root/monero/CMakeFiles/CMakeTmp'
Makefile:126: recipe for target 'cmTC_bcc6e/fast' failed
make: *** [cmTC_bcc6e/fast] Error 2

File /root/monero/CMakeFiles/CMakeTmp/CheckSymbolExists.c:
/* */
#include <pthread.h>

int main(int argc, char** argv)
{
  (void)argv;
#ifndef pthread_create
  return ((int*)(&pthread_create))[argc];
#else
  (void)argc;
  return 0;
#endif
}

Determining if the function memset_s exists in the c failed with the following output:
Change Dir: /root/monero/CMakeFiles/CMakeTmp

Run Build Command:"/usr/bin/make" "cmTC_6c9b7/fast"
/usr/bin/make -f CMakeFiles/cmTC_6c9b7.dir/build.make CMakeFiles/cmTC_6c9b7.dir/build
make[1]: Entering directory '/root/monero/CMakeFiles/CMakeTmp'
Building C object CMakeFiles/cmTC_6c9b7.dir/CheckFunctionExists.c.o
/usr/bin/cc    -DCHECK_FUNCTION_EXISTS=memset_s   -o CMakeFiles/cmTC_6c9b7.dir/CheckFunctionExists.c.o   -c /usr/share/cmake-3.5/Modules/CheckFunctionExists.c
Linking C executable cmTC_6c9b7
/usr/bin/cmake -E cmake_link_script CMakeFiles/cmTC_6c9b7.dir/link.txt --verbose=1
/usr/bin/cc   -DCHECK_FUNCTION_EXISTS=memset_s    CMakeFiles/cmTC_6c9b7.dir/CheckFunctionExists.c.o  -o cmTC_6c9b7  -L/root/monero/CMakeFiles/CMakeTmp/string.h -rdynamic -lc -Wl,-rpath,/root/monero/CMakeFiles/CMakeTmp/string.h 
CMakeFiles/cmTC_6c9b7.dir/CheckFunctionExists.c.o: In function `main':
CheckFunctionExists.c:(.text+0x15): undefined reference to `memset_s'
collect2: error: ld returned 1 exit status
CMakeFiles/cmTC_6c9b7.dir/build.make:97: recipe for target 'cmTC_6c9b7' failed
make[1]: *** [cmTC_6c9b7] Error 1
make[1]: Leaving directory '/root/monero/CMakeFiles/CMakeTmp'
Makefile:126: recipe for target 'cmTC_6c9b7/fast' failed
make: *** [cmTC_6c9b7/fast] Error 2


Determining if the function explicit_bzero exists in the c failed with the following output:
Change Dir: /root/monero/CMakeFiles/CMakeTmp

Run Build Command:"/usr/bin/make" "cmTC_850f0/fast"
/usr/bin/make -f CMakeFiles/cmTC_850f0.dir/build.make CMakeFiles/cmTC_850f0.dir/build
make[1]: Entering directory '/root/monero/CMakeFiles/CMakeTmp'
Building C object CMakeFiles/cmTC_850f0.dir/CheckFunctionExists.c.o
/usr/bin/cc    -DCHECK_FUNCTION_EXISTS=explicit_bzero   -o CMakeFiles/cmTC_850f0.dir/CheckFunctionExists.c.o   -c /usr/share/cmake-3.5/Modules/CheckFunctionExists.c
Linking C executable cmTC_850f0
/usr/bin/cmake -E cmake_link_script CMakeFiles/cmTC_850f0.dir/link.txt --verbose=1
/usr/bin/cc   -DCHECK_FUNCTION_EXISTS=explicit_bzero    CMakeFiles/cmTC_850f0.dir/CheckFunctionExists.c.o  -o cmTC_850f0  -L/root/monero/CMakeFiles/CMakeTmp/strings.h -rdynamic -lc -Wl,-rpath,/root/monero/CMakeFiles/CMakeTmp/strings.h 
CMakeFiles/cmTC_850f0.dir/CheckFunctionExists.c.o: In function `main':
CheckFunctionExists.c:(.text+0x15): undefined reference to `explicit_bzero'
collect2: error: ld returned 1 exit status
CMakeFiles/cmTC_850f0.dir/build.make:97: recipe for target 'cmTC_850f0' failed
make[1]: *** [cmTC_850f0] Error 1
make[1]: Leaving directory '/root/monero/CMakeFiles/CMakeTmp'
Makefile:126: recipe for target 'cmTC_850f0/fast' failed
make: *** [cmTC_850f0/fast] Error 2


Determining if the -Wl,-z,noexecheap linker flag is suppored failed with the following output:
Change Dir: /root/monero/CMakeFiles/CMakeTmp

Run Build Command:"/usr/bin/make" "cmTC_44432/fast"
/usr/bin/make -f CMakeFiles/cmTC_44432.dir/build.make CMakeFiles/cmTC_44432.dir/build
make[1]: Entering directory '/root/monero/CMakeFiles/CMakeTmp'
Building C object CMakeFiles/cmTC_44432.dir/CheckLinkerFlag.c.o
/usr/bin/cc    -Wl,-z,noexecheap    -Wl,-z,noexecheap -o CMakeFiles/cmTC_44432.dir/CheckLinkerFlag.c.o   -c /root/monero/cmake/CheckLinkerFlag.c
Linking C executable cmTC_44432
/usr/bin/cmake -E cmake_link_script CMakeFiles/cmTC_44432.dir/link.txt --verbose=1
/usr/bin/cc  -Wl,-z,noexecheap     CMakeFiles/cmTC_44432.dir/CheckLinkerFlag.c.o  -o cmTC_44432 -rdynamic 
/usr/bin/ld: warning: -z noexecheap ignored.
make[1]: Leaving directory '/root/monero/CMakeFiles/CMakeTmp'


